<?xml version="1.0" encoding="UTF-8"?>
<testng-results ignored="0" total="2" passed="2" failed="0" skipped="0">
  <reporter-output>
  </reporter-output>
  <suite started-at="2025-01-23T17:17:44 IST" name="Data driven Basics" finished-at="2025-01-23T17:17:45 IST" duration-ms="965">
    <groups>
    </groups>
    <test started-at="2025-01-23T17:17:44 IST" name="Bank Manager Login test" finished-at="2025-01-23T17:17:45 IST" duration-ms="273">
      <class name="com.w2a.testcases.BankManagerLoginTest">
        <test-method signature="LoginAsBankManager()[pri:0, instance:com.w2a.testcases.BankManagerLoginTest@5c20ffa8]" started-at="2025-01-23T17:17:44 IST" name="LoginAsBankManager" finished-at="2025-01-23T17:17:45 IST" duration-ms="237" status="PASS">
          <reporter-output>
          </reporter-output>
        </test-method> <!-- LoginAsBankManager -->
      </class> <!-- com.w2a.testcases.BankManagerLoginTest -->
    </test> <!-- Bank Manager Login test -->
    <test started-at="2025-01-23T17:17:45 IST" name="Add Customer Test" finished-at="2025-01-23T17:17:45 IST" duration-ms="667">
      <class name="com.w2a.testcases.AddCustomerTest">
        <test-method is-config="true" signature="setUp()[pri:0, instance:com.w2a.testcases.AddCustomerTest@2d6aca33]" started-at="2025-01-23T17:17:42 IST" name="setUp" finished-at="2025-01-23T17:17:44 IST" duration-ms="2217" status="PASS">
          <reporter-output>
          </reporter-output>
        </test-method> <!-- setUp -->
        <test-method signature="addCustomer(java.lang.String,java.lang.String,java.lang.String,java.lang.String)[pri:0, instance:com.w2a.testcases.AddCustomerTest@2d6aca33]" started-at="2025-01-23T17:17:45 IST" name="addCustomer" data-provider="getData" finished-at="2025-01-23T17:17:45 IST" duration-ms="654" status="PASS">
          <params>
            <param index="0">
              <value>
                <![CDATA[Bhuvnesh]]>
              </value>
            </param>
            <param index="1">
              <value>
                <![CDATA[Kumar]]>
              </value>
            </param>
            <param index="2">
              <value>
                <![CDATA[A2678189]]>
              </value>
            </param>
            <param index="3">
              <value>
                <![CDATA[Customer added successfully]]>
              </value>
            </param>
          </params>
          <reporter-output>
          </reporter-output>
        </test-method> <!-- addCustomer -->
        <test-method is-config="true" signature="tearDown()[pri:0, instance:com.w2a.testcases.AddCustomerTest@2d6aca33]" started-at="2025-01-23T17:17:45 IST" name="tearDown" finished-at="2025-01-23T17:17:45 IST" duration-ms="126" status="PASS">
          <reporter-output>
          </reporter-output>
        </test-method> <!-- tearDown -->
      </class> <!-- com.w2a.testcases.AddCustomerTest -->
    </test> <!-- Add Customer Test -->
  </suite> <!-- Data driven Basics -->
</testng-results>
